#-----------------------------------------------------------
# Vivado v2024.2 (64-bit)
# SW Build 5239630 on Fri Nov 08 22:35:27 MST 2024
# IP Build 5239520 on Sun Nov 10 16:12:51 MST 2024
# SharedData Build 5239561 on Fri Nov 08 14:39:27 MST 2024
# Start of session at: Fri Mar 14 23:34:11 2025
# Process ID         : 22424
# Current directory  : D:/programming/rtl projects/alu_4bit
# Command line       : vivado.exe -gui_launcher_event rodinguilauncherevent17136 D:\programming\rtl projects\alu_4bit\alu_4bit.v.xpr
# Log file           : D:/programming/rtl projects/alu_4bit/vivado.log
# Journal file       : D:/programming/rtl projects/alu_4bit\vivado.jou
# Running On         : DESKTOP-752L1G5
# Platform           : Windows Server 2016 or Windows 10
# Operating System   : 26100
# Processor Detail   : Intel(R) Core(TM) i5-1035G1 CPU @ 1.00GHz
# CPU Frequency      : 1190 MHz
# CPU Physical cores : 4
# CPU Logical cores  : 8
# Host memory        : 8361 MB
# Swap memory        : 6408 MB
# Total Virtual      : 14769 MB
# Available Virtual  : 935 MB
#-----------------------------------------------------------
start_gui
open_project {D:/programming/rtl projects/alu_4bit/alu_4bit.v.xpr}
INFO: [Project 1-313] Project file moved from 'C:/Users/hp/.Xilinx/projects/alu_4bit.v' since last save.
INFO: [filemgmt 56-3] Default IP Output Path : Could not find the directory 'D:/programming/rtl projects/alu_4bit/alu_4bit.v.gen/sources_1'.
Scanning sources...
Finished scanning sources
INFO: [IP_Flow 19-234] Refreshing IP repositories
INFO: [IP_Flow 19-1704] No user IP repositories specified
INFO: [IP_Flow 19-2313] Loaded Vivado IP repository 'C:/Xilinx/Vivado/2024.2/data/ip'.
open_project: Time (s): cpu = 00:00:25 ; elapsed = 00:00:10 . Memory (MB): peak = 1155.320 ; gain = 32.582
exit
INFO: [Common 17-206] Exiting Vivadoclose_project
exit
INFO: [Common 17-206] Exiting Vivado at Fri Mar 14 23:35:55 2025...
