#-----------------------------------------------------------
# Vivado v2024.2 (64-bit)
# SW Build 5239630 on Fri Nov 08 22:35:27 MST 2024
# IP Build 5239520 on Sun Nov 10 16:12:51 MST 2024
# SharedData Build 5239561 on Fri Nov 08 14:39:27 MST 2024
# Start of session at: Mon Mar 17 00:36:57 2025
# Process ID         : 9672
# Current directory  : D:/programming/rtl projects/instruction_regsiter_4bit
# Command line       : vivado.exe -gui_launcher_event rodinguilauncherevent17276 D:\programming\rtl projects\instruction_regsiter_4bit\instruction_regsiter_4bit.xpr
# Log file           : D:/programming/rtl projects/instruction_regsiter_4bit/vivado.log
# Journal file       : D:/programming/rtl projects/instruction_regsiter_4bit\vivado.jou
# Running On         : DESKTOP-752L1G5
# Platform           : Windows Server 2016 or Windows 10
# Operating System   : 26100
# Processor Detail   : Intel(R) Core(TM) i5-1035G1 CPU @ 1.00GHz
# CPU Frequency      : 1190 MHz
# CPU Physical cores : 4
# CPU Logical cores  : 8
# Host memory        : 8361 MB
# Swap memory        : 3489 MB
# Total Virtual      : 11850 MB
# Available Virtual  : 5689 MB
#-----------------------------------------------------------
start_gui
open_project {D:/programming/rtl projects/instruction_regsiter_4bit/instruction_regsiter_4bit.xpr}
INFO: [Project 1-313] Project file moved from 'D:/programming/rtl projects/alu_4bit/instruction_regsiter_4bit' since last save.
INFO: [filemgmt 56-3] Default IP Output Path : Could not find the directory 'D:/programming/rtl projects/instruction_regsiter_4bit/instruction_regsiter_4bit.gen/sources_1'.
Scanning sources...
Finished scanning sources
INFO: [IP_Flow 19-234] Refreshing IP repositories
INFO: [IP_Flow 19-1704] No user IP repositories specified
INFO: [IP_Flow 19-2313] Loaded Vivado IP repository 'C:/Xilinx/Vivado/2024.2/data/ip'.
update_compile_order -fileset sources_1
exit
INFO: [Common 17-206] Exiting Vivado at Mon Mar 17 00:37:41 2025...
